<?xml version="1.0" encoding="utf-8"?><testsuites><testsuite name="pytest" errors="0" failures="0" skipped="0" tests="4" time="117.132" timestamp="2025-08-11T17:03:00.228889" hostname="carlos-pc"><testcase classname="tests.model.test_model.TestModel" name="test_model_fit" time="28.055" /><testcase classname="tests.model.test_model.TestModel" name="test_model_predict" time="29.119" /><testcase classname="tests.model.test_model.TestModel" name="test_model_preprocess_for_serving" time="28.100" /><testcase classname="tests.model.test_model.TestModel" name="test_model_preprocess_for_training" time="29.724" /></testsuite></testsuites>