<?xml version="1.0" encoding="utf-8"?><testsuites><testsuite name="pytest" errors="0" failures="0" skipped="0" tests="4" time="2.992" timestamp="2025-08-12T15:52:41.418351" hostname="carlos-pc"><testcase classname="tests.api.test_api.TestBatchPipeline" name="test_should_failed_unkown_column_1" time="0.041" /><testcase classname="tests.api.test_api.TestBatchPipeline" name="test_should_failed_unkown_column_2" time="0.016" /><testcase classname="tests.api.test_api.TestBatchPipeline" name="test_should_failed_unkown_column_3" time="0.011" /><testcase classname="tests.api.test_api.TestBatchPipeline" name="test_should_get_predict" time="0.600" /></testsuite></testsuites>