<?xml version="1.0" encoding="utf-8"?><testsuites><testsuite name="pytest" errors="0" failures="0" skipped="0" tests="4" time="4.373" timestamp="2025-08-12T19:28:41.293318" hostname="carlos-pc"><testcase classname="tests.api.test_api.TestBatchPipeline" name="test_should_failed_unkown_column_1" time="0.054" /><testcase classname="tests.api.test_api.TestBatchPipeline" name="test_should_failed_unkown_column_2" time="0.018" /><testcase classname="tests.api.test_api.TestBatchPipeline" name="test_should_failed_unkown_column_3" time="0.021" /><testcase classname="tests.api.test_api.TestBatchPipeline" name="test_should_get_predict" time="1.469" /></testsuite></testsuites>