<?xml version="1.0" encoding="utf-8"?><testsuites><testsuite name="pytest" errors="0" failures="0" skipped="0" tests="4" time="57.700" timestamp="2025-08-12T11:21:18.327309" hostname="carlos-pc"><testcase classname="tests.model.test_model.TestModel" name="test_model_fit" time="27.286" /><testcase classname="tests.model.test_model.TestModel" name="test_model_predict" time="1.303" /><testcase classname="tests.model.test_model.TestModel" name="test_model_preprocess_for_serving" time="0.221" /><testcase classname="tests.model.test_model.TestModel" name="test_model_preprocess_for_training" time="27.057" /></testsuite></testsuites>