<?xml version="1.0" encoding="utf-8"?><testsuites><testsuite name="pytest" errors="0" failures="0" skipped="0" tests="4" time="106.519" timestamp="2025-08-11T17:30:18.935880" hostname="carlos-pc"><testcase classname="tests.model.test_model.TestModel" name="test_model_fit" time="27.046" /><testcase classname="tests.model.test_model.TestModel" name="test_model_predict" time="26.259" /><testcase classname="tests.model.test_model.TestModel" name="test_model_preprocess_for_serving" time="26.209" /><testcase classname="tests.model.test_model.TestModel" name="test_model_preprocess_for_training" time="25.337" /></testsuite></testsuites>